Determining if the pthread_create exist failed with the following output:
Change Dir: /home/karan/callistorover/build/CMakeFiles/CMakeTmp

Run Build Command:"/usr/bin/make" "cmTC_dd3d2/fast"
/usr/bin/make -f CMakeFiles/cmTC_dd3d2.dir/build.make CMakeFiles/cmTC_dd3d2.dir/build
make[1]: Entering directory '/home/karan/callistorover/build/CMakeFiles/CMakeTmp'
Building C object CMakeFiles/cmTC_dd3d2.dir/CheckSymbolExists.c.o
/usr/bin/cc     -o CMakeFiles/cmTC_dd3d2.dir/CheckSymbolExists.c.o   -c /home/karan/callistorover/build/CMakeFiles/CMakeTmp/CheckSymbolExists.c
Linking C executable cmTC_dd3d2
/usr/bin/cmake -E cmake_link_script CMakeFiles/cmTC_dd3d2.dir/link.txt --verbose=1
/usr/bin/cc       CMakeFiles/cmTC_dd3d2.dir/CheckSymbolExists.c.o  -o cmTC_dd3d2 -rdynamic 
CMakeFiles/cmTC_dd3d2.dir/CheckSymbolExists.c.o: In function `main':
CheckSymbolExists.c:(.text+0x16): undefined reference to `pthread_create'
collect2: error: ld returned 1 exit status
CMakeFiles/cmTC_dd3d2.dir/build.make:97: recipe for target 'cmTC_dd3d2' failed
make[1]: *** [cmTC_dd3d2] Error 1
make[1]: Leaving directory '/home/karan/callistorover/build/CMakeFiles/CMakeTmp'
Makefile:126: recipe for target 'cmTC_dd3d2/fast' failed
make: *** [cmTC_dd3d2/fast] Error 2

File /home/karan/callistorover/build/CMakeFiles/CMakeTmp/CheckSymbolExists.c:
/* */
#include <pthread.h>

int main(int argc, char** argv)
{
  (void)argv;
#ifndef pthread_create
  return ((int*)(&pthread_create))[argc];
#else
  (void)argc;
  return 0;
#endif
}

Determining if the function pthread_create exists in the pthreads failed with the following output:
Change Dir: /home/karan/callistorover/build/CMakeFiles/CMakeTmp

Run Build Command:"/usr/bin/make" "cmTC_8a07b/fast"
/usr/bin/make -f CMakeFiles/cmTC_8a07b.dir/build.make CMakeFiles/cmTC_8a07b.dir/build
make[1]: Entering directory '/home/karan/callistorover/build/CMakeFiles/CMakeTmp'
Building C object CMakeFiles/cmTC_8a07b.dir/CheckFunctionExists.c.o
/usr/bin/cc    -DCHECK_FUNCTION_EXISTS=pthread_create   -o CMakeFiles/cmTC_8a07b.dir/CheckFunctionExists.c.o   -c /usr/share/cmake-3.5/Modules/CheckFunctionExists.c
Linking C executable cmTC_8a07b
/usr/bin/cmake -E cmake_link_script CMakeFiles/cmTC_8a07b.dir/link.txt --verbose=1
/usr/bin/cc   -DCHECK_FUNCTION_EXISTS=pthread_create    CMakeFiles/cmTC_8a07b.dir/CheckFunctionExists.c.o  -o cmTC_8a07b -rdynamic -lpthreads 
/usr/bin/ld: cannot find -lpthreads
collect2: error: ld returned 1 exit status
CMakeFiles/cmTC_8a07b.dir/build.make:97: recipe for target 'cmTC_8a07b' failed
make[1]: *** [cmTC_8a07b] Error 1
make[1]: Leaving directory '/home/karan/callistorover/build/CMakeFiles/CMakeTmp'
Makefile:126: recipe for target 'cmTC_8a07b/fast' failed
make: *** [cmTC_8a07b/fast] Error 2


